\BOOKMARK [1][-]{section.1}{Background}{}% 1
\BOOKMARK [1][-]{section.2}{Objectives and Technical Plan}{}% 2
\BOOKMARK [2][-]{subsection.2.1}{Objectives}{section.2}% 3
\BOOKMARK [2][-]{subsection.2.2}{Technical Plan}{section.2}% 4
\BOOKMARK [2][-]{subsection.2.3}{Limitation and Scope}{section.2}% 5
\BOOKMARK [1][-]{section.3}{Project Technical Panel}{}% 6
\BOOKMARK [1][-]{section.4}{Previous Literature}{}% 7
\BOOKMARK [2][-]{subsection.4.1}{Fire Service Publications}{section.4}% 8
\BOOKMARK [2][-]{subsection.4.2}{Fire Service Training Manuals}{section.4}% 9
\BOOKMARK [2][-]{subsection.4.3}{Firefighter Line of Duty Deaths}{section.4}% 10
\BOOKMARK [2][-]{subsection.4.4}{Research Work}{section.4}% 11
\BOOKMARK [1][-]{section.5}{Instrumentation}{}% 12
\BOOKMARK [1][-]{section.6}{Test Set Up}{}% 13
\BOOKMARK [2][-]{subsection.6.1}{Structures}{section.6}% 14
\BOOKMARK [2][-]{subsection.6.2}{Furnishings}{section.6}% 15
\BOOKMARK [2][-]{subsection.6.3}{Measurement Locations}{section.6}% 16
\BOOKMARK [1][-]{section.7}{Heat Release Fuel Load Characterization}{}% 17
\BOOKMARK [2][-]{subsection.7.1}{Ventilation Limited Room Burns}{section.7}% 18
\BOOKMARK [1][-]{section.8}{Cold Flow Experiments}{}% 19
\BOOKMARK [2][-]{subsection.8.1}{Single Story Cold Flow Experiments}{section.8}% 20
\BOOKMARK [2][-]{subsection.8.2}{Two Story Cold Flow Experiments}{section.8}% 21
\BOOKMARK [2][-]{subsection.8.3}{Single Story Cold Flow Results}{section.8}% 22
\BOOKMARK [2][-]{subsection.8.4}{Two Story Cold Flow Results}{section.8}% 23
\BOOKMARK [2][-]{subsection.8.5}{Single Story and Two Story Cold Flow Comparison}{section.8}% 24
\BOOKMARK [2][-]{subsection.8.6}{Fan Selection}{section.8}% 25
\BOOKMARK [1][-]{section.9}{Full Scale Fire Experiments}{}% 26
\BOOKMARK [2][-]{subsection.9.1}{Single Story Experiments}{section.9}% 27
\BOOKMARK [2][-]{subsection.9.2}{Two Story Experiments}{section.9}% 28
\BOOKMARK [2][-]{subsection.9.3}{Smoke Removal Experiments}{section.9}% 29
\BOOKMARK [1][-]{section.10}{Tactical Considerations}{}% 30
\BOOKMARK [2][-]{subsection.10.1}{Understanding the Basics of Positive Pressure}{section.10}% 31
\BOOKMARK [2][-]{subsection.10.2}{Horizontal, Vertical and Positive Pressure Attack are different tactics.}{section.10}% 32
\BOOKMARK [2][-]{subsection.10.3}{The setback of the fan or development of a “cone of air” is not as important as the exhaust size.}{section.10}% 33
\BOOKMARK [2][-]{subsection.10.4}{An ongoing assessment of inlet and exhaust flow is imperative to understanding whether or not a fan flow path has been established and if conditions are improving}{section.10}% 34
\BOOKMARK [2][-]{subsection.10.5}{Positive Pressure Attack is Exhaust Dependant}{section.10}% 35
\BOOKMARK [2][-]{subsection.10.6}{An outlet of sufficient size, must be provided, in the fire room to allow for effective PPA.}{section.10}% 36
\BOOKMARK [2][-]{subsection.10.7}{Creating additional openings not in the fire room will create additional flow paths making PPA ineffective with the potential to draw the fire into all flow paths}{section.10}% 37
\BOOKMARK [2][-]{subsection.10.8}{The safety of PPA is decreased when the location and extent of the fire is not known with a high degree of certainty.}{section.10}% 38
\BOOKMARK [2][-]{subsection.10.9}{PPA will not be effective on a fire located in an open concept floor plan or any floor plan with high ceilings.}{section.10}% 39
\BOOKMARK [2][-]{subsection.10.10}{The application of water, as quickly as possible, whether from the interior or exterior prior to initiating PPA will increase the likelihood of a successful outcome.}{section.10}% 40
\BOOKMARK [2][-]{subsection.10.11}{PPA is not a replacement for using the reach of your hose stream.}{section.10}% 41
\BOOKMARK [2][-]{subsection.10.12}{Extension into void spaces when using PPA is directly related to the exhaust capabilities of the void space.}{section.10}% 42
\BOOKMARK [2][-]{subsection.10.13}{PPA does not negatively affect the survivability of occupants behind a closed door.}{section.10}% 43
\BOOKMARK [2][-]{subsection.10.14}{In single story residential structures, the more openings made in the structure during PPV \(Post Knockdown\) the more effective it is at ventilating the structure.}{section.10}% 44
\BOOKMARK [2][-]{subsection.10.15}{Post fire control it is important to assess for extension.}{section.10}% 45
\BOOKMARK [2][-]{subsection.10.16}{When PPV is used, starting or turning in the fan immediately after fire control will provide the most benefit.}{section.10}% 46
\BOOKMARK [1][-]{section.11}{Future Research Needs}{}% 47
\BOOKMARK [1][-]{section*.306}{Glossary}{}% 48
\BOOKMARK [1][-]{section*.309}{Appendices}{}% 49
\BOOKMARK [1][-]{Appendix.1.A}{Experimental Results}{}% 50
\BOOKMARK [2][-]{subsection.1.A.1}{Experiment 1 Results}{Appendix.1.A}% 51
\BOOKMARK [2][-]{subsection.1.A.2}{Experiment 2 Results}{Appendix.1.A}% 52
\BOOKMARK [2][-]{subsection.1.A.3}{Experiment 3 Results}{Appendix.1.A}% 53
\BOOKMARK [2][-]{subsection.1.A.4}{Experiment 4 Results}{Appendix.1.A}% 54
\BOOKMARK [2][-]{subsection.1.A.5}{Experiment 5 Results}{Appendix.1.A}% 55
\BOOKMARK [2][-]{subsection.1.A.6}{Experiment 6 Results}{Appendix.1.A}% 56
\BOOKMARK [2][-]{subsection.1.A.7}{Experiment 7 Results}{Appendix.1.A}% 57
\BOOKMARK [2][-]{subsection.1.A.8}{Experiment 8 Results}{Appendix.1.A}% 58
\BOOKMARK [2][-]{subsection.1.A.9}{Experiment 9 Results}{Appendix.1.A}% 59
\BOOKMARK [2][-]{subsection.1.A.10}{Experiment 10 Results}{Appendix.1.A}% 60
\BOOKMARK [2][-]{subsection.1.A.11}{Experiment 11 Results}{Appendix.1.A}% 61
\BOOKMARK [2][-]{subsection.1.A.12}{Experiment 12 Results}{Appendix.1.A}% 62
\BOOKMARK [2][-]{subsection.1.A.13}{Experiment 13 Results}{Appendix.1.A}% 63
\BOOKMARK [2][-]{subsection.1.A.14}{Experiment 14 Results}{Appendix.1.A}% 64
\BOOKMARK [2][-]{subsection.1.A.15}{Experiment 15 Results}{Appendix.1.A}% 65
\BOOKMARK [2][-]{subsection.1.A.16}{Experiment 16 Results}{Appendix.1.A}% 66
\BOOKMARK [2][-]{subsection.1.A.17}{Experiment 17 Results}{Appendix.1.A}% 67
\BOOKMARK [2][-]{subsection.1.A.18}{Experiment 18 Results}{Appendix.1.A}% 68
\BOOKMARK [2][-]{subsection.1.A.19}{Experiment 19 Results}{Appendix.1.A}% 69
\BOOKMARK [2][-]{subsection.1.A.20}{Experiment 20 Results}{Appendix.1.A}% 70
\BOOKMARK [2][-]{subsection.1.A.21}{Experiment 21 Results}{Appendix.1.A}% 71
\BOOKMARK [2][-]{subsection.1.A.22}{Experiment 22 Results}{Appendix.1.A}% 72
\BOOKMARK [2][-]{subsection.1.A.23}{Experiment 23 Results}{Appendix.1.A}% 73
\BOOKMARK [2][-]{subsection.1.A.24}{Experiment 24 Results}{Appendix.1.A}% 74
\BOOKMARK [2][-]{subsection.1.A.25}{Experiment 25 Results}{Appendix.1.A}% 75
\BOOKMARK [2][-]{subsection.1.A.26}{Experiment 26 Results}{Appendix.1.A}% 76
\BOOKMARK [2][-]{subsection.1.A.27}{Experiment 27 Results}{Appendix.1.A}% 77
\BOOKMARK [1][-]{Appendix.1.B}{Construction Drawings}{}% 78
\BOOKMARK [2][-]{subsection.1.B.1}{Single Story Construction Drawings}{Appendix.1.B}% 79
\BOOKMARK [2][-]{subsection.1.B.2}{Two Story Construction Drawings}{Appendix.1.B}% 80
